android/app/build/intermediates/manifest_merge_blame_file/release/manifest-merger-blame-release-report.txt
1<?xml version="1.0" encoding="utf-8"?>
2<manifest xmlns:android="http://schemas.android.com/apk/res/android"
3    package="com.cometa"
4    android:versionCode="3"
5    android:versionName="1.0.2" >
6
7    <uses-sdk
8        android:minSdkVersion="16"
8-->src\main\AndroidManifest.xml
9        android:targetSdkVersion="29" />
9-->src\main\AndroidManifest.xml
10
11    <uses-permission android:name="android.permission.INTERNET" />
11-->src\main\AndroidManifest.xml:47:6-67
11-->src\main\AndroidManifest.xml:47:23-65
12    <uses-permission android:name="android.permission.ACCESS_NETWORK_STATE" />
12-->[com.google.android.exoplayer:exoplayer-core:2.14.1] AndroidManifest.xml:24:5-79
12-->[com.google.android.exoplayer:exoplayer-core:2.14.1] AndroidManifest.xml:24:22-76
13    <!--
14 io.flutter.app.FlutterApplication is an android.app.Application that
15         calls FlutterMain.startInitialization(this); in its onCreate method.
16         In most cases you can leave this as-is, but you if you want to provide
17         additional functionality it is fine to subclass or reimplement
18         FlutterApplication and put your custom class here.
19    -->
20    <application
20-->src\main\AndroidManifest.xml:8:5-46:19
21        android:name="io.flutter.app.FlutterApplication"
21-->src\main\AndroidManifest.xml:9:9-57
22        android:appComponentFactory="androidx.core.app.CoreComponentFactory"
22-->[androidx.core:core:1.3.1] AndroidManifest.xml:24:18-86
23        android:icon="@mipmap/launcher_icon"
23-->src\main\AndroidManifest.xml:11:9-45
24        android:label="cometa" >
24-->src\main\AndroidManifest.xml:10:9-31
25        <activity
25-->src\main\AndroidManifest.xml:12:9-40:20
26            android:name="com.cometa.MainActivity"
26-->src\main\AndroidManifest.xml:13:13-41
27            android:configChanges="orientation|keyboardHidden|keyboard|screenSize|smallestScreenSize|locale|layoutDirection|fontScale|screenLayout|density|uiMode"
27-->src\main\AndroidManifest.xml:16:13-163
28            android:hardwareAccelerated="true"
28-->src\main\AndroidManifest.xml:17:13-47
29            android:launchMode="singleTop"
29-->src\main\AndroidManifest.xml:14:13-43
30            android:theme="@style/LaunchTheme"
30-->src\main\AndroidManifest.xml:15:13-47
31            android:windowSoftInputMode="adjustResize" >
31-->src\main\AndroidManifest.xml:18:13-55
32
33            <!--
34                 Specifies an Android theme to apply to this Activity as soon as
35                 the Android process has started. This theme is visible to the user
36                 while the Flutter UI initializes. After that, this theme continues
37                 to determine the Window background behind the Flutter UI.
38            -->
39            <meta-data
39-->src\main\AndroidManifest.xml:23:13-26:17
40                android:name="io.flutter.embedding.android.NormalTheme"
40-->src\main\AndroidManifest.xml:24:15-70
41                android:resource="@style/NormalTheme" />
41-->src\main\AndroidManifest.xml:25:15-52
42            <!--
43                 Displays an Android View that continues showing the launch screen
44                 Drawable until Flutter paints its first frame, then this splash
45                 screen fades out. A splash screen is useful to avoid any visual
46                 gap between the end of Android's launch screen and the painting of
47                 Flutter's first frame.
48            -->
49            <meta-data
49-->src\main\AndroidManifest.xml:32:13-35:17
50                android:name="io.flutter.embedding.android.SplashScreenDrawable"
50-->src\main\AndroidManifest.xml:33:15-79
51                android:resource="@drawable/launch_background" />
51-->src\main\AndroidManifest.xml:34:15-61
52
53            <intent-filter>
53-->src\main\AndroidManifest.xml:36:13-39:29
54                <action android:name="android.intent.action.MAIN" />
54-->src\main\AndroidManifest.xml:37:17-68
54-->src\main\AndroidManifest.xml:37:25-66
55
56                <category android:name="android.intent.category.LAUNCHER" />
56-->src\main\AndroidManifest.xml:38:17-76
56-->src\main\AndroidManifest.xml:38:27-74
57            </intent-filter>
58        </activity>
59        <!--
60             Don't delete the meta-data below.
61             This is used by the Flutter tool to generate GeneratedPluginRegistrant.java
62        -->
63        <meta-data
63-->src\main\AndroidManifest.xml:43:9-45:33
64            android:name="flutterEmbedding"
64-->src\main\AndroidManifest.xml:44:13-44
65            android:value="2" />
65-->src\main\AndroidManifest.xml:45:13-30
66
67        <provider
67-->[:image_picker] AndroidManifest.xml:8:9-16:20
68            android:name="io.flutter.plugins.imagepicker.ImagePickerFileProvider"
68-->[:image_picker] AndroidManifest.xml:9:13-82
69            android:authorities="com.cometa.flutter.image_provider"
69-->[:image_picker] AndroidManifest.xml:10:13-74
70            android:exported="false"
70-->[:image_picker] AndroidManifest.xml:11:13-37
71            android:grantUriPermissions="true" >
71-->[:image_picker] AndroidManifest.xml:12:13-47
72            <meta-data
72-->[:image_picker] AndroidManifest.xml:13:13-15:75
73                android:name="android.support.FILE_PROVIDER_PATHS"
73-->[:image_picker] AndroidManifest.xml:14:17-67
74                android:resource="@xml/flutter_image_picker_file_paths" />
74-->[:image_picker] AndroidManifest.xml:15:17-72
75        </provider>
76
77        <activity
77-->[:url_launcher] AndroidManifest.xml:8:9-11:74
78            android:name="io.flutter.plugins.urllauncher.WebViewActivity"
78-->[:url_launcher] AndroidManifest.xml:9:13-74
79            android:exported="false"
79-->[:url_launcher] AndroidManifest.xml:10:13-37
80            android:theme="@android:style/Theme.NoTitleBar.Fullscreen" />
80-->[:url_launcher] AndroidManifest.xml:11:13-71
81    </application>
82
83</manifest>